<?xml version="1.0" encoding="UTF-8"?>
<coverage generated="1694180211961" clover="3.2.0">
  <project timestamp="1694180211963" name="All files">
    <metrics statements="9" coveredstatements="9" conditionals="0" coveredconditionals="0" methods="4" coveredmethods="4" elements="13" coveredelements="13" complexity="0" loc="9" ncloc="9" packages="1" files="4" classes="4"/>
    <file name="great.js" path="C:\Users\USER PC\Desktop\node-js-projects\node_server_postgreSQL_auth\great.js">
      <metrics statements="2" coveredstatements="2" conditionals="0" coveredconditionals="0" methods="1" coveredmethods="1"/>
      <line num="2" count="1" type="stmt"/>
      <line num="6" count="1" type="stmt"/>
    </file>
    <file name="objectClone.js" path="C:\Users\USER PC\Desktop\node-js-projects\node_server_postgreSQL_auth\objectClone.js">
      <metrics statements="2" coveredstatements="2" conditionals="0" coveredconditionals="0" methods="1" coveredmethods="1"/>
      <line num="2" count="1" type="stmt"/>
      <line num="5" count="1" type="stmt"/>
    </file>
    <file name="pallindrom.js" path="C:\Users\USER PC\Desktop\node-js-projects\node_server_postgreSQL_auth\pallindrom.js">
      <metrics statements="3" coveredstatements="3" conditionals="0" coveredconditionals="0" methods="1" coveredmethods="1"/>
      <line num="1" count="1" type="stmt"/>
      <line num="4" count="2" type="stmt"/>
      <line num="8" count="1" type="stmt"/>
    </file>
    <file name="reverse.js" path="C:\Users\USER PC\Desktop\node-js-projects\node_server_postgreSQL_auth\reverse.js">
      <metrics statements="2" coveredstatements="2" conditionals="0" coveredconditionals="0" methods="1" coveredmethods="1"/>
      <line num="2" count="3" type="stmt"/>
      <line num="6" count="2" type="stmt"/>
    </file>
  </project>
</coverage>
