{"C:\\Users\\USER PC\\Desktop\\node-js-projects\\node_server_postgreSQL_auth\\great.js": {"path":"C:\\Users\\USER PC\\Desktop\\node-js-projects\\node_server_postgreSQL_auth\\great.js","statementMap":{"0":{"start":{"line":2,"column":4},"end":{"line":2,"column":16}},"1":{"start":{"line":6,"column":0},"end":{"line":6,"column":24}}},"fnMap":{"0":{"name":"my_func","decl":{"start":{"line":1,"column":9},"end":{"line":1,"column":16}},"loc":{"start":{"line":1,"column":22},"end":{"line":3,"column":1}},"line":1}},"branchMap":{},"s":{"0":1,"1":1},"f":{"0":1},"b":{},"_coverageSchema":"1a1c01bbd47fc00a2c39e90264f33305004495a9","hash":"cdf06255502f200acce97a07102e317cbf5a1bf8"}
,"C:\\Users\\USER PC\\Desktop\\node-js-projects\\node_server_postgreSQL_auth\\objectClone.js": {"path":"C:\\Users\\USER PC\\Desktop\\node-js-projects\\node_server_postgreSQL_auth\\objectClone.js","statementMap":{"0":{"start":{"line":2,"column":4},"end":{"line":2,"column":19}},"1":{"start":{"line":5,"column":0},"end":{"line":5,"column":22}}},"fnMap":{"0":{"name":"clone","decl":{"start":{"line":1,"column":9},"end":{"line":1,"column":14}},"loc":{"start":{"line":1,"column":19},"end":{"line":3,"column":1}},"line":1}},"branchMap":{},"s":{"0":1,"1":1},"f":{"0":1},"b":{},"_coverageSchema":"1a1c01bbd47fc00a2c39e90264f33305004495a9","hash":"295c8b6e8710c69eed4855cea0a32f6491baff81"}
,"C:\\Users\\USER PC\\Desktop\\node-js-projects\\node_server_postgreSQL_auth\\pallindrom.js": {"path":"C:\\Users\\USER PC\\Desktop\\node-js-projects\\node_server_postgreSQL_auth\\pallindrom.js","statementMap":{"0":{"start":{"line":1,"column":22},"end":{"line":1,"column":42}},"1":{"start":{"line":4,"column":4},"end":{"line":4,"column":67}},"2":{"start":{"line":8,"column":0},"end":{"line":8,"column":21}}},"fnMap":{"0":{"name":"check","decl":{"start":{"line":3,"column":9},"end":{"line":3,"column":14}},"loc":{"start":{"line":3,"column":20},"end":{"line":5,"column":1}},"line":3}},"branchMap":{},"s":{"0":1,"1":2,"2":1},"f":{"0":2},"b":{},"_coverageSchema":"1a1c01bbd47fc00a2c39e90264f33305004495a9","hash":"a48aec23d2dace148e7aea71ffe535228b68d8e5"}
,"C:\\Users\\USER PC\\Desktop\\node-js-projects\\node_server_postgreSQL_auth\\reverse.js": {"path":"C:\\Users\\USER PC\\Desktop\\node-js-projects\\node_server_postgreSQL_auth\\reverse.js","statementMap":{"0":{"start":{"line":2,"column":4},"end":{"line":2,"column":64}},"1":{"start":{"line":6,"column":0},"end":{"line":6,"column":30}}},"fnMap":{"0":{"name":"reverseString","decl":{"start":{"line":1,"column":9},"end":{"line":1,"column":22}},"loc":{"start":{"line":1,"column":28},"end":{"line":3,"column":1}},"line":1}},"branchMap":{},"s":{"0":3,"1":2},"f":{"0":3},"b":{},"_coverageSchema":"1a1c01bbd47fc00a2c39e90264f33305004495a9","hash":"fab663af107a0bd4de693c40d69444677e21bd81"}
}
